<?xml version="1.0" encoding="UTF-8"?>
<!-- Generated by org.testng.reporters.JUnitReportReporter -->
<testsuite hostname="DESKTOP-T43P9M7" failures="0" tests="6" name="TestNG.Keyword2" time="0.078" errors="0" timestamp="2023-01-09T18:14:40 IST" skipped="0">
  <testcase classname="TestNG.Keyword2" name="TC4" time="0.036"/>
  <system-out>
    <![CDATA[running TC4]]>
  </system-out>
  <testcase classname="TestNG.Keyword2" name="TC5" time="0.015"/>
  <system-out>
    <![CDATA[running TC5]]>
  </system-out>
  <testcase classname="TestNG.Keyword2" name="TC6" time="0.006"/>
  <system-out>
    <![CDATA[running TC6]]>
  </system-out>
  <testcase classname="TestNG.Keyword2" name="TC2" time="0.007"/>
  <system-out>
    <![CDATA[running TC2]]>
  </system-out>
  <testcase classname="TestNG.Keyword2" name="TC1" time="0.007"/>
  <system-out>
    <![CDATA[running TC1]]>
  </system-out>
  <testcase classname="TestNG.Keyword2" name="TC3" time="0.007"/>
  <system-out>
    <![CDATA[running TC3]]>
  </system-out>
</testsuite> <!-- TestNG.Keyword2 -->
