<?xml version="1.0" encoding="UTF-8"?>
<!-- Generated by org.testng.reporters.JUnitReportReporter -->
<testsuite hostname="DESKTOP-T43P9M7" failures="0" tests="2" name="TestNG.Annotations2" time="0.052" errors="0" timestamp="2023-01-10T16:09:40 IST" skipped="0">
  <testcase classname="TestNG.Annotations2" name="TC1" time="0.044"/>
  <system-out>
    <![CDATA[TC1 pass]]>
  </system-out>
  <testcase classname="TestNG.Annotations2" name="TC2" time="0.008"/>
  <system-out>
    <![CDATA[TC2 pass]]>
  </system-out>
</testsuite> <!-- TestNG.Annotations2 -->
