<?xml version="1.0" encoding="UTF-8"?>
<!-- Generated by org.testng.reporters.JUnitReportReporter -->
<testsuite hostname="DESKTOP-T43P9M7" failures="0" tests="4" name="TestNG.Grouping_of_TC" time="0.211" errors="0" timestamp="2023-01-15T12:26:02 IST" skipped="0">
  <testcase classname="TestNG.Grouping_of_TC" name="TC5" time="0.007"/>
  <system-out>
    <![CDATA[running TC5]]>
  </system-out>
  <testcase classname="TestNG.Grouping_of_TC" name="TC2" time="0.006"/>
  <system-out>
    <![CDATA[running TC2]]>
  </system-out>
  <testcase classname="TestNG.Grouping_of_TC" name="TC1" time="0.189"/>
  <system-out>
    <![CDATA[running TC1]]>
  </system-out>
  <testcase classname="TestNG.Grouping_of_TC" name="TC6" time="0.009"/>
  <system-out>
    <![CDATA[running TC6]]>
  </system-out>
</testsuite> <!-- TestNG.Grouping_of_TC -->
