<?xml version="1.0" encoding="UTF-8"?>
<!-- Generated by org.testng.reporters.JUnitReportReporter -->
<testsuite hostname="DESKTOP-T43P9M7" failures="0" tests="1" name="TestNG.TestNG_Class" time="40.341" errors="0" timestamp="2023-01-08T21:29:56 IST" skipped="0">
  <testcase classname="TestNG.TestNG_Class" name="openbrowser" time="40.341"/>
  <system-out/>
</testsuite> <!-- TestNG.TestNG_Class -->
