<?xml version="1.0" encoding="UTF-8"?>
<!-- Generated by org.testng.reporters.JUnitReportReporter -->
<testsuite hostname="DESKTOP-T43P9M7" failures="0" tests="2" name="TestNG.Keyword3" time="0.031" errors="0" timestamp="2023-01-09T18:35:17 IST" skipped="1">
  <testcase classname="TestNG.Keyword3" name="TC3" time="0.031"/>
  <system-out>
    <![CDATA[running TC3]]>
  </system-out>
  <testcase classname="TestNG.Keyword3" name="TC2">
    <skipped/>
  </testcase> <!-- TC2 -->
  <system-out/>
</testsuite> <!-- TestNG.Keyword3 -->
