<?xml version="1.0" encoding="UTF-8"?>
<!-- Generated by org.testng.reporters.JUnitReportReporter -->
<testsuite hostname="DESKTOP-T43P9M7" failures="0" tests="2" name="TestNG.Keyword5" time="0.032" errors="0" timestamp="2023-01-09T18:59:27 IST" skipped="0">
  <testcase classname="TestNG.Keyword5" name="Login" time="0.029"/>
  <system-out>
    <![CDATA[Login successful]]>
  </system-out>
  <testcase classname="TestNG.Keyword5" name="Logout" time="0.003"/>
  <system-out>
    <![CDATA[Logout successful]]>
  </system-out>
</testsuite> <!-- TestNG.Keyword5 -->
