<?xml version="1.0" encoding="UTF-8"?>
<!-- Generated by org.testng.reporters.JUnitReportReporter -->
<testsuite hostname="DESKTOP-T43P9M7" failures="0" tests="1" name="TestNG.suite1" time="0.023" errors="0" timestamp="2023-01-12T20:47:15 IST" skipped="0">
  <testcase classname="TestNG.suite1" name="TC1" time="0.023"/>
  <system-out>
    <![CDATA[running TC1]]>
  </system-out>
</testsuite> <!-- TestNG.suite1 -->
