<?xml version="1.0" encoding="UTF-8"?>
<!-- Generated by org.testng.reporters.JUnitReportReporter -->
<testsuite hostname="DESKTOP-T43P9M7" failures="0" tests="5" name="TestNG.Keyword1" time="0.063" errors="0" timestamp="2023-01-09T17:37:59 IST" skipped="0">
  <testcase classname="TestNG.Keyword1" name="TC1" time="0.007"/>
  <system-out>
    <![CDATA[running TC1]]>
  </system-out>
  <testcase classname="TestNG.Keyword1" name="TC1" time="0.006"/>
  <system-out>
    <![CDATA[running TC1]]>
  </system-out>
  <testcase classname="TestNG.Keyword1" name="TC1" time="0.007"/>
  <system-out>
    <![CDATA[running TC1]]>
  </system-out>
  <testcase classname="TestNG.Keyword1" name="TC1" time="0.036"/>
  <system-out>
    <![CDATA[running TC1]]>
  </system-out>
  <testcase classname="TestNG.Keyword1" name="TC1" time="0.007"/>
  <system-out>
    <![CDATA[running TC1]]>
  </system-out>
</testsuite> <!-- TestNG.Keyword1 -->
