<?xml version="1.0" encoding="UTF-8"?>
<!-- Generated by org.testng.reporters.JUnitReportReporter -->
<testsuite hostname="DESKTOP-T43P9M7" failures="0" tests="4" name="TestNG.Emailable_Report" time="0.067" errors="0" timestamp="2023-01-09T17:34:32 IST" skipped="0">
  <testcase classname="TestNG.Emailable_Report" name="TC2" time="0.009"/>
  <system-out>
    <![CDATA[running TC2]]>
  </system-out>
  <testcase classname="TestNG.Emailable_Report" name="TC4" time="0.008"/>
  <system-out/>
  <testcase classname="TestNG.Emailable_Report" name="TC1" time="0.037"/>
  <system-out>
    <![CDATA[running TC1]]>
  </system-out>
  <testcase classname="TestNG.Emailable_Report" name="TC3" time="0.013"/>
  <system-out>
    <![CDATA[running TC3]]>
  </system-out>
</testsuite> <!-- TestNG.Emailable_Report -->
