<?xml version="1.0" encoding="UTF-8"?>
<!-- Generated by org.testng.reporters.JUnitReportReporter -->
<testsuite hostname="DESKTOP-T43P9M7" failures="0" tests="1" name="TestNG.suite2" time="0.004" errors="0" timestamp="2023-01-12T20:47:15 IST" skipped="0">
  <testcase classname="TestNG.suite2" name="TC3" time="0.004"/>
  <system-out>
    <![CDATA[running TC3]]>
  </system-out>
</testsuite> <!-- TestNG.suite2 -->
