<?xml version="1.0" encoding="UTF-8"?>
<!-- Generated by org.testng.reporters.JUnitReportReporter -->
<testsuite hostname="DESKTOP-T43P9M7" failures="0" tests="1" name="TestNG.Parallel3" time="52.472" errors="0" timestamp="2023-01-15T14:36:03 IST" skipped="0">
  <testcase classname="TestNG.Parallel3" name="flipkart" time="52.472"/>
  <system-out/>
</testsuite> <!-- TestNG.Parallel3 -->
