<?xml version="1.0" encoding="UTF-8"?>
<!-- Generated by org.testng.reporters.JUnitReportReporter -->
<testsuite hostname="DESKTOP-T43P9M7" failures="0" tests="1" name="TestNG.Parallel1" time="43.037" errors="0" timestamp="2023-01-15T14:36:03 IST" skipped="0">
  <testcase classname="TestNG.Parallel1" name="facebook" time="43.037"/>
  <system-out/>
</testsuite> <!-- TestNG.Parallel1 -->
